[debug] [2022-05-07T00:58:37.894Z] ----------------------------------------------------------------------
[debug] [2022-05-07T00:58:37.895Z] Command:       C:\Program Files\nodejs\node.exe C:\Program Files\nodejs\node_modules\firebase-tools\lib\bin\firebase.js init
[debug] [2022-05-07T00:58:37.896Z] CLI Version:   10.6.0
[debug] [2022-05-07T00:58:37.896Z] Platform:      win32
[debug] [2022-05-07T00:58:37.896Z] Node Version:  v16.14.2
[debug] [2022-05-07T00:58:37.897Z] Time:          Sat May 07 2022 07:58:37 GMT+0700 (Western Indonesia Time)
[debug] [2022-05-07T00:58:37.897Z] ----------------------------------------------------------------------
[debug] 
[debug] [2022-05-07T00:58:37.900Z] >>> [apiv2][query] GET https://firebase-public.firebaseio.com/cli.json [none]
[debug] [2022-05-07T00:58:37.923Z] > command requires scopes: ["email","openid","https://www.googleapis.com/auth/cloudplatformprojects.readonly","https://www.googleapis.com/auth/firebase","https://www.googleapis.com/auth/cloud-platform"]
[debug] [2022-05-07T00:58:37.923Z] > authorizing via signed-in user (brokerjays6@gmail.com)
[info] 
     ######## #### ########  ######## ########     ###     ######  ########
     ##        ##  ##     ## ##       ##     ##  ##   ##  ##       ##
     ######    ##  ########  ######   ########  #########  ######  ######
     ##        ##  ##    ##  ##       ##     ## ##     ##       ## ##
     ##       #### ##     ## ######## ########  ##     ##  ######  ########

You're about to initialize a Firebase project in this directory:

  D:\train\react\gmail-clone

[debug] [2022-05-07T00:58:38.646Z] <<< [apiv2][status] GET https://firebase-public.firebaseio.com/cli.json 200
[debug] [2022-05-07T00:58:38.647Z] <<< [apiv2][body] GET https://firebase-public.firebaseio.com/cli.json {"cloudBuildErrorAfter":1594252800000,"cloudBuildWarnAfter":1590019200000,"defaultNode10After":1594252800000,"minVersion":"3.0.5","node8DeploysDisabledAfter":1613390400000,"node8RuntimeDisabledAfter":1615809600000,"node8WarnAfter":1600128000000}
[info] 
=== Project Setup
[info] 
[info] First, let's associate this project directory with a Firebase project.
[info] You can create multiple project aliases by running firebase use --add, 
[info] but for now we'll just set up a default project.
[info] 
[debug] [2022-05-07T00:59:36.298Z] > refreshing access token with scopes: []
[debug] [2022-05-07T00:59:36.300Z] >>> HTTP REQUEST POST https://www.googleapis.com/oauth2/v3/token  
 <request body omitted>
[debug] [2022-05-07T00:59:36.442Z] <<< HTTP RESPONSE 200 {"date":"Sat, 07 May 2022 00:59:35 GMT","cache-control":"no-cache, no-store, max-age=0, must-revalidate","expires":"Mon, 01 Jan 1990 00:00:00 GMT","pragma":"no-cache","content-type":"application/json; charset=utf-8","vary":"X-Origin, Referer, Origin,Accept-Encoding","server":"scaffolding on HTTPServer2","x-xss-protection":"0","x-frame-options":"SAMEORIGIN","x-content-type-options":"nosniff","alt-svc":"h3=\":443\"; ma=2592000,h3-29=\":443\"; ma=2592000,h3-Q050=\":443\"; ma=2592000,h3-Q046=\":443\"; ma=2592000,h3-Q043=\":443\"; ma=2592000,quic=\":443\"; ma=2592000; v=\"46,43\"","accept-ranges":"none","transfer-encoding":"chunked"}
[debug] [2022-05-07T00:59:36.459Z] >>> [apiv2][query] GET https://firebase.googleapis.com/v1beta1/projects pageSize=100
[debug] [2022-05-07T00:59:37.121Z] <<< [apiv2][status] GET https://firebase.googleapis.com/v1beta1/projects 200
[debug] [2022-05-07T00:59:37.121Z] <<< [apiv2][body] GET https://firebase.googleapis.com/v1beta1/projects [omitted]
[info] i  Using project clone-4fb5c (gmailclone) 
[info] 
=== Hosting Setup
[info] 
[info] Your public directory is the folder (relative to your project directory) that
[info] will contain Hosting assets to be uploaded with firebase deploy. If you
[info] have a build process for your assets, use your build's output directory.
[info] 
[debug] [2022-05-07T01:01:18.255Z] >>> [apiv2][query] GET https://www.gstatic.com/firebasejs/releases.json [none]
[debug] [2022-05-07T01:01:18.348Z] <<< [apiv2][status] GET https://www.gstatic.com/firebasejs/releases.json 200
[debug] [2022-05-07T01:01:18.348Z] <<< [apiv2][body] GET https://www.gstatic.com/firebasejs/releases.json {"current":{"version":"9.8.0","browserURL":"https://www.gstatic.com/firebasejs/9.8.0/firebase.js","packageURL":"https://www.gstatic.com/firebasejs/9.8.0/firebase.tgz"},"live":{"version":"9.8","browserURL":"https://www.gstatic.com/firebasejs/live/9.8/firebase.js","packageURL":"https://www.gstatic.com/firebasejs/live/9.8/firebase.tgz"},"components":{"analytics":"https://www.gstatic.com/firebasejs/9.8.0/firebase-analytics.js","app":"https://www.gstatic.com/firebasejs/9.8.0/firebase-app.js","app-check":"https://www.gstatic.com/firebasejs/9.8.0/firebase-app-check.js","auth":"https://www.gstatic.com/firebasejs/9.8.0/firebase-auth.js","auth/cordova":"https://www.gstatic.com/firebasejs/9.8.0/firebase-auth/cordova.js","auth/react-native":"https://www.gstatic.com/firebasejs/9.8.0/firebase-auth/react-native.js","functions":"https://www.gstatic.com/firebasejs/9.8.0/firebase-functions.js","firestore":"https://www.gstatic.com/firebasejs/9.8.0/firebase-firestore.js","firestore/lite":"https://www.gstatic.com/firebasejs/9.8.0/firebase-firestore/lite.js","storage":"https://www.gstatic.com/firebasejs/9.8.0/firebase-storage.js","performance":"https://www.gstatic.com/firebasejs/9.8.0/firebase-performance.js","remote-config":"https://www.gstatic.com/firebasejs/9.8.0/firebase-remote-config.js","messaging":"https://www.gstatic.com/firebasejs/9.8.0/firebase-messaging.js","messaging/sw":"https://www.gstatic.com/firebasejs/9.8.0/firebase-messaging/sw.js","database":"https://www.gstatic.com/firebasejs/9.8.0/firebase-database.js","firestore.memory":"https://www.gstatic.com/firebasejs/9.8.0/firebase-firestore.memory.js"}}
[info] +  Wrote build/index.html 
[info] 
[info] i  Detected a .git folder at D:\train\react\gmail-clone 
[info] i  Authorizing with GitHub to upload your service account to a GitHub repository's secrets store. 
[info] 
[info] Visit this URL on this device to log in:
[info] https://github.com/login/oauth/authorize?client_id=89cf50f02ac6aaed3484&state=38523603&redirect_uri=http%3A%2F%2Flocalhost%3A9005&scope=read%3Auser%20repo%20public_repo
[info] 
[info] Waiting for authentication...
[debug] [2022-05-07T01:01:55.830Z] >>> HTTP REQUEST POST https://github.com/login/oauth/access_token  
 {"client_id":"89cf50f02ac6aaed3484","client_secret":"3330d14abc895d9a74d5f17cd7a00711fa2c5bf0","code":"6dc6ebaace904eb78f22","redirect_uri":"http://localhost:9005","state":"38523603"}
[debug] [2022-05-07T01:01:56.326Z] <<< HTTP RESPONSE 200 {"server":"GitHub.com","date":"Sat, 07 May 2022 01:01:55 GMT","content-type":"application/json; charset=utf-8","transfer-encoding":"chunked","vary":"X-PJAX, X-PJAX-Container, Accept-Encoding, Accept, X-Requested-With","permissions-policy":"interest-cohort=()","etag":"W/\"42eabe3758b2e9298eca55ad63cbed84\"","cache-control":"max-age=0, private, must-revalidate","strict-transport-security":"max-age=31536000; includeSubdomains; preload","x-frame-options":"deny","x-content-type-options":"nosniff","x-xss-protection":"0","referrer-policy":"origin-when-cross-origin, strict-origin-when-cross-origin","expect-ct":"max-age=2592000, report-uri=\"https://api.github.com/_private/browser/errors\"","content-security-policy":"default-src 'none'; base-uri 'self'; block-all-mixed-content; child-src github.com/assets-cdn/worker/ gist.github.com/assets-cdn/worker/; connect-src 'self' uploads.github.com objects-origin.githubusercontent.com www.githubstatus.com collector.github.com raw.githubusercontent.com api.github.com github-cloud.s3.amazonaws.com github-production-repository-file-5c1aeb.s3.amazonaws.com github-production-upload-manifest-file-7fdce7.s3.amazonaws.com github-production-user-asset-6210df.s3.amazonaws.com cdn.optimizely.com logx.optimizely.com/v1/events translator.github.com *.actions.githubusercontent.com wss://*.actions.githubusercontent.com online.visualstudio.com/api/v1/locations github-production-repository-image-32fea6.s3.amazonaws.com github-production-release-asset-2e65be.s3.amazonaws.com insights.github.com wss://alive.github.com; font-src github.githubassets.com; form-action 'self' github.com gist.github.com objects-origin.githubusercontent.com; frame-ancestors 'none'; frame-src render.githubusercontent.com viewscreen.githubusercontent.com notebooks.githubusercontent.com; img-src 'self' data: github.githubassets.com identicons.github.com github-cloud.s3.amazonaws.com secured-user-images.githubusercontent.com/ *.githubusercontent.com; manifest-src 'self'; media-src github.com user-images.githubusercontent.com/; script-src github.githubassets.com; style-src 'unsafe-inline' github.githubassets.com; worker-src github.com/assets-cdn/worker/ gist.github.com/assets-cdn/worker/","x-github-request-id":"7A20:3459:7B76F:14CCE6:6275C503"}
[debug] [2022-05-07T01:01:56.368Z] >>> [apiv2][query] GET https://api.github.com/user [none]
[debug] [2022-05-07T01:01:56.859Z] <<< [apiv2][status] GET https://api.github.com/user 200
[debug] [2022-05-07T01:01:56.859Z] <<< [apiv2][body] GET https://api.github.com/user {"login":"ulzaalkindi","id":24633128,"node_id":"MDQ6VXNlcjI0NjMzMTI4","avatar_url":"https://avatars.githubusercontent.com/u/24633128?v=4","gravatar_id":"","url":"https://api.github.com/users/ulzaalkindi","html_url":"https://github.com/ulzaalkindi","followers_url":"https://api.github.com/users/ulzaalkindi/followers","following_url":"https://api.github.com/users/ulzaalkindi/following{/other_user}","gists_url":"https://api.github.com/users/ulzaalkindi/gists{/gist_id}","starred_url":"https://api.github.com/users/ulzaalkindi/starred{/owner}{/repo}","subscriptions_url":"https://api.github.com/users/ulzaalkindi/subscriptions","organizations_url":"https://api.github.com/users/ulzaalkindi/orgs","repos_url":"https://api.github.com/users/ulzaalkindi/repos","events_url":"https://api.github.com/users/ulzaalkindi/events{/privacy}","received_events_url":"https://api.github.com/users/ulzaalkindi/received_events","type":"User","site_admin":false,"name":"ulzaalkindi","company":null,"blog":"","location":null,"email":"ulza.alkindi@students.amikom.ac.id","hireable":null,"bio":"i'm Full Stack Web Developer","twitter_username":null,"public_repos":35,"public_gists":0,"followers":0,"following":0,"created_at":"2016-12-18T09:23:47Z","updated_at":"2022-05-07T01:01:54Z","private_gists":0,"total_private_repos":1,"owned_private_repos":1,"disk_usage":262177,"collaborators":0,"two_factor_authentication":false,"plan":{"name":"free","space":976562499,"collaborators":0,"private_repos":10000}}
[info] 
[info] +  Success! Logged into GitHub as ulzaalkindi 
[info] 
